Running: C:\Xilinx\14.7\ISE_DS\ISE\bin\nt64\unwrapped\fuse.exe -intstyle ise -incremental -lib secureip -o C:/Xilinx/14.7/ISE_DS/simplecpu/cpuwave_isim_beh.exe -prj C:/Xilinx/14.7/ISE_DS/simplecpu/cpuwave_beh.prj work.cpuwave 
ISim P.20131013 (signature 0x7708f090)
Number of CPUs detected in this system: 1
Turning on mult-threading, number of parallel sub-compilation jobs: 0 
Determining compilation order of HDL files
Parsing VHDL file "C:/Xilinx/14.7/ISE_DS/simplecpu/visitmodule.vhd" into library work
Parsing VHDL file "C:/Xilinx/14.7/ISE_DS/simplecpu/storagemodule.vhd" into library work
Parsing VHDL file "C:/Xilinx/14.7/ISE_DS/simplecpu/rewritemodule.vhd" into library work
Parsing VHDL file "C:/Xilinx/14.7/ISE_DS/simplecpu/fetchmodule.vhd" into library work
Parsing VHDL file "C:/Xilinx/14.7/ISE_DS/simplecpu/clockmodule.vhd" into library work
Parsing VHDL file "C:/Xilinx/14.7/ISE_DS/simplecpu/calcmodule.vhd" into library work
Parsing VHDL file "C:/Xilinx/14.7/ISE_DS/simplecpu/cpu.vhd" into library work
Parsing VHDL file "C:/Xilinx/14.7/ISE_DS/simplecpu/cpuwave.vhd" into library work
Starting static elaboration
Completed static elaboration
Compiling package standard
Compiling package std_logic_1164
Compiling package std_logic_arith
Compiling package std_logic_unsigned
Compiling architecture behavioral of entity clockmodule [clockmodule_default]
Compiling architecture behavioral of entity fetchmodule [fetchmodule_default]
Compiling architecture behavioral of entity calcmodule [calcmodule_default]
Compiling architecture behavioral of entity storagemodule [storagemodule_default]
Compiling architecture behavioral of entity rewritemodule [rewritemodule_default]
Compiling architecture behavioral of entity visitmodule [visitmodule_default]
Compiling architecture behavioral of entity cpu [cpu_default]
Compiling architecture behavior of entity cpuwave
Time Resolution for simulation is 1ps.
Compiled 19 VHDL Units
Built simulation executable C:/Xilinx/14.7/ISE_DS/simplecpu/cpuwave_isim_beh.exe
Fuse Memory Usage: 32536 KB
Fuse CPU Usage: 685 ms
